<?xml version="1.0" encoding="UTF-8"?>
<testng-results skipped="0" failed="0" ignored="0" total="4" passed="4">
  <reporter-output>
  </reporter-output>
  <suite name="Default suite" duration-ms="78358" started-at="2020-06-24T10:42:43Z" finished-at="2020-06-24T10:44:01Z">
    <groups>
      <group name="SmartExtract">
        <method signature="SmartExtractPageTest.Createcategory(java.lang.String)[pri:2, instance:tests.SmartExtractPageTest@6fd02e5]" name="Createcategory" class="tests.SmartExtractPageTest"/>
        <method signature="SmartExtractPageTest.createQueue(java.lang.String, java.lang.String)[pri:3, instance:tests.SmartExtractPageTest@6fd02e5]" name="createQueue" class="tests.SmartExtractPageTest"/>
        <method signature="SmartExtractPageTest.editDeleteQueue(java.lang.String)[pri:4, instance:tests.SmartExtractPageTest@6fd02e5]" name="editDeleteQueue" class="tests.SmartExtractPageTest"/>
      </group> <!-- SmartExtract -->
    </groups>
    <test name="Default test" duration-ms="78358" started-at="2020-06-24T10:42:43Z" finished-at="2020-06-24T10:44:01Z">
      <class name="tests.SmartExtractPageTest">
        <test-method status="PASS" signature="initiateSute()[pri:0, instance:tests.SmartExtractPageTest@6fd02e5]" name="initiateSute" is-config="true" duration-ms="16" started-at="2020-06-24T10:42:43Z" finished-at="2020-06-24T10:42:43Z">
          <reporter-output>
          </reporter-output>
        </test-method> <!-- initiateSute -->
        <test-method status="PASS" signature="setUp()[pri:0, instance:tests.SmartExtractPageTest@6fd02e5]" name="setUp" is-config="true" duration-ms="11199" started-at="2020-06-24T10:42:43Z" finished-at="2020-06-24T10:42:54Z">
          <reporter-output>
          </reporter-output>
        </test-method> <!-- setUp -->
        <test-method status="PASS" signature="openSmartExtract()[pri:1, instance:tests.SmartExtractPageTest@6fd02e5]" name="openSmartExtract" duration-ms="6220" started-at="2020-06-24T10:42:54Z" finished-at="2020-06-24T10:43:00Z">
          <reporter-output>
          </reporter-output>
        </test-method> <!-- openSmartExtract -->
        <test-method status="PASS" signature="Createcategory(java.lang.String)[pri:2, instance:tests.SmartExtractPageTest@6fd02e5]" name="Createcategory" duration-ms="11057" started-at="2020-06-24T10:43:01Z" data-provider="getcategoryData" finished-at="2020-06-24T10:43:12Z">
          <params>
            <param index="0">
              <value>
                <![CDATA[hr1]]>
              </value>
            </param>
          </params>
          <reporter-output>
          </reporter-output>
        </test-method> <!-- Createcategory -->
        <test-method status="PASS" signature="createQueue(java.lang.String, java.lang.String)[pri:3, instance:tests.SmartExtractPageTest@6fd02e5]" name="createQueue" duration-ms="10709" started-at="2020-06-24T10:43:12Z" data-provider="getQueueData" finished-at="2020-06-24T10:43:23Z">
          <params>
            <param index="0">
              <value>
                <![CDATA[queue1]]>
              </value>
            </param>
            <param index="1">
              <value>
                <![CDATA[qq@gmail.com]]>
              </value>
            </param>
          </params>
          <reporter-output>
          </reporter-output>
        </test-method> <!-- createQueue -->
        <test-method status="PASS" signature="editDeleteQueue(java.lang.String)[pri:4, instance:tests.SmartExtractPageTest@6fd02e5]" name="editDeleteQueue" duration-ms="8114" started-at="2020-06-24T10:43:23Z" data-provider="getEditQueueData" finished-at="2020-06-24T10:43:31Z">
          <params>
            <param index="0">
              <value>
                <![CDATA[Queue2]]>
              </value>
            </param>
          </params>
          <reporter-output>
          </reporter-output>
        </test-method> <!-- editDeleteQueue -->
        <test-method status="FAIL" signature="tearDown()[pri:0, instance:tests.SmartExtractPageTest@6fd02e5]" name="tearDown" is-config="true" duration-ms="30099" started-at="2020-06-24T10:43:31Z" finished-at="2020-06-24T10:44:01Z">
          <exception class="org.openqa.selenium.NoSuchElementException">
            <message>
              <![CDATA[no such element: Unable to locate element: {"method":"link text","selector":"User: administrator"}
  (Session info: chrome=83.0.4103.116)
  (Driver info: chromedriver=2.40.565498 (ea082db3280dd6843ebfb08a625e3eb905c4f5ab),platform=Windows NT 10.0.15063 x86_64) (WARNING: The server did not provide any stacktrace information)
Command duration or timeout: 0 milliseconds
For documentation on this error, please visit: http://seleniumhq.org/exceptions/no_such_element.html
Build info: version: '3.13.0', revision: '2f0d292', time: '2018-06-25T15:24:21.231Z'
System info: host: 'BRD-PG00WC4S-L', ip: '192.168.1.2', os.name: 'Windows 10', os.arch: 'amd64', os.version: '10.0', java.version: '1.8.0_121'
Driver info: org.openqa.selenium.chrome.ChromeDriver
Capabilities {acceptInsecureCerts: false, acceptSslCerts: false, applicationCacheEnabled: false, browserConnectionEnabled: false, browserName: chrome, chrome: {chromedriverVersion: 2.40.565498 (ea082db3280dd6..., userDataDir: C:\Users\DISHA~1.SHA\AppDat...}, cssSelectorsEnabled: true, databaseEnabled: false, handlesAlerts: true, hasTouchScreen: false, javascriptEnabled: true, locationContextEnabled: true, mobileEmulationEnabled: false, nativeEvents: true, networkConnectionEnabled: false, pageLoadStrategy: normal, platform: XP, platformName: XP, rotatable: false, setWindowRect: true, takesHeapSnapshot: true, takesScreenshot: true, unexpectedAlertBehaviour: , unhandledPromptBehavior: , version: 83.0.4103.116, webStorageEnabled: true}
Session ID: a6f1cd8a552de30947615c760b6e520c
*** Element info: {Using=link text, value=User: administrator}]]>
            </message>
            <full-stacktrace>
              <![CDATA[org.openqa.selenium.NoSuchElementException: no such element: Unable to locate element: {"method":"link text","selector":"User: administrator"}
  (Session info: chrome=83.0.4103.116)
  (Driver info: chromedriver=2.40.565498 (ea082db3280dd6843ebfb08a625e3eb905c4f5ab),platform=Windows NT 10.0.15063 x86_64) (WARNING: The server did not provide any stacktrace information)
Command duration or timeout: 0 milliseconds
For documentation on this error, please visit: http://seleniumhq.org/exceptions/no_such_element.html
Build info: version: '3.13.0', revision: '2f0d292', time: '2018-06-25T15:24:21.231Z'
System info: host: 'BRD-PG00WC4S-L', ip: '192.168.1.2', os.name: 'Windows 10', os.arch: 'amd64', os.version: '10.0', java.version: '1.8.0_121'
Driver info: org.openqa.selenium.chrome.ChromeDriver
Capabilities {acceptInsecureCerts: false, acceptSslCerts: false, applicationCacheEnabled: false, browserConnectionEnabled: false, browserName: chrome, chrome: {chromedriverVersion: 2.40.565498 (ea082db3280dd6..., userDataDir: C:\Users\DISHA~1.SHA\AppDat...}, cssSelectorsEnabled: true, databaseEnabled: false, handlesAlerts: true, hasTouchScreen: false, javascriptEnabled: true, locationContextEnabled: true, mobileEmulationEnabled: false, nativeEvents: true, networkConnectionEnabled: false, pageLoadStrategy: normal, platform: XP, platformName: XP, rotatable: false, setWindowRect: true, takesHeapSnapshot: true, takesScreenshot: true, unexpectedAlertBehaviour: , unhandledPromptBehavior: , version: 83.0.4103.116, webStorageEnabled: true}
Session ID: a6f1cd8a552de30947615c760b6e520c
*** Element info: {Using=link text, value=User: administrator}
at sun.reflect.NativeConstructorAccessorImpl.newInstance0(Native Method)
at sun.reflect.NativeConstructorAccessorImpl.newInstance(Unknown Source)
at sun.reflect.DelegatingConstructorAccessorImpl.newInstance(Unknown Source)
at java.lang.reflect.Constructor.newInstance(Unknown Source)
at org.openqa.selenium.remote.ErrorHandler.createThrowable(ErrorHandler.java:214)
at org.openqa.selenium.remote.ErrorHandler.throwIfResponseFailed(ErrorHandler.java:166)
at org.openqa.selenium.remote.http.JsonHttpResponseCodec.reconstructValue(JsonHttpResponseCodec.java:40)
at org.openqa.selenium.remote.http.AbstractHttpResponseCodec.decode(AbstractHttpResponseCodec.java:80)
at org.openqa.selenium.remote.http.AbstractHttpResponseCodec.decode(AbstractHttpResponseCodec.java:44)
at org.openqa.selenium.remote.HttpCommandExecutor.execute(HttpCommandExecutor.java:158)
at org.openqa.selenium.remote.service.DriverCommandExecutor.execute(DriverCommandExecutor.java:83)
at org.openqa.selenium.remote.RemoteWebDriver.execute(RemoteWebDriver.java:548)
at org.openqa.selenium.remote.RemoteWebDriver.findElement(RemoteWebDriver.java:322)
at org.openqa.selenium.remote.RemoteWebDriver.findElementByLinkText(RemoteWebDriver.java:376)
at org.openqa.selenium.By$ByLinkText.findElement(By.java:220)
at org.openqa.selenium.remote.RemoteWebDriver.findElement(RemoteWebDriver.java:314)
at sun.reflect.GeneratedMethodAccessor2.invoke(Unknown Source)
at sun.reflect.DelegatingMethodAccessorImpl.invoke(Unknown Source)
at java.lang.reflect.Method.invoke(Unknown Source)
at org.openqa.selenium.support.events.EventFiringWebDriver.lambda$new$1(EventFiringWebDriver.java:105)
at com.sun.proxy.$Proxy9.findElement(Unknown Source)
at org.openqa.selenium.support.events.EventFiringWebDriver.findElement(EventFiringWebDriver.java:194)
at helper.DriverOperations.expandTopNavigationMenuAndPerformNavitation(DriverOperations.java:55)
at helper.DriverOperations.logOut(DriverOperations.java:186)
at tests.SmartExtractPageTest.tearDown(SmartExtractPageTest.java:96)
at sun.reflect.NativeMethodAccessorImpl.invoke0(Native Method)
at sun.reflect.NativeMethodAccessorImpl.invoke(Unknown Source)
at sun.reflect.DelegatingMethodAccessorImpl.invoke(Unknown Source)
at java.lang.reflect.Method.invoke(Unknown Source)
at org.testng.internal.MethodInvocationHelper.invokeMethod(MethodInvocationHelper.java:124)
at org.testng.internal.MethodInvocationHelper.invokeMethodConsideringTimeout(MethodInvocationHelper.java:59)
at org.testng.internal.Invoker.invokeConfigurationMethod(Invoker.java:455)
at org.testng.internal.Invoker.invokeConfigurations(Invoker.java:222)
at org.testng.internal.Invoker.invokeConfigurations(Invoker.java:142)
at org.testng.internal.TestMethodWorker.invokeAfterClassMethods(TestMethodWorker.java:214)
at org.testng.internal.TestMethodWorker.run(TestMethodWorker.java:111)
at org.testng.TestRunner.privateRun(TestRunner.java:648)
at org.testng.TestRunner.run(TestRunner.java:505)
at org.testng.SuiteRunner.runTest(SuiteRunner.java:455)
at org.testng.SuiteRunner.runSequentially(SuiteRunner.java:450)
at org.testng.SuiteRunner.privateRun(SuiteRunner.java:415)
at org.testng.SuiteRunner.run(SuiteRunner.java:364)
at org.testng.SuiteRunnerWorker.runSuite(SuiteRunnerWorker.java:52)
at org.testng.SuiteRunnerWorker.run(SuiteRunnerWorker.java:84)
at org.testng.TestNG.runSuitesSequentially(TestNG.java:1208)
at org.testng.TestNG.runSuitesLocally(TestNG.java:1137)
at org.testng.TestNG.runSuites(TestNG.java:1049)
at org.testng.TestNG.run(TestNG.java:1017)
at org.testng.remote.AbstractRemoteTestNG.run(AbstractRemoteTestNG.java:114)
at org.testng.remote.RemoteTestNG.initAndRun(RemoteTestNG.java:251)
at org.testng.remote.RemoteTestNG.main(RemoteTestNG.java:77)
]]>
            </full-stacktrace>
          </exception> <!-- org.openqa.selenium.NoSuchElementException -->
          <reporter-output>
          </reporter-output>
        </test-method> <!-- tearDown -->
      </class> <!-- tests.SmartExtractPageTest -->
    </test> <!-- Default test -->
  </suite> <!-- Default suite -->
</testng-results>
